<?xml version="1.0" encoding="UTF-8"?>
<!-- Generated by org.testng.reporters.JUnitReportReporter -->
<testsuite hostname="bastion-windows" failures="0" tests="1" name="tests.ReviewScreeningForm" time="41.700" errors="0" timestamp="2022-12-12T10:48:07 UTC" skipped="0">
  <testcase classname="tests.ReviewScreeningForm" name="taskReviewApproveScreeningFormATM" time="41.700"/>
  <system-out/>
</testsuite> <!-- tests.ReviewScreeningForm -->
