<?xml version="1.0" encoding="UTF-8"?>
<!-- Generated by org.testng.reporters.JUnitReportReporter -->
<testsuite hostname="bastion-windows" failures="0" tests="1" name="tests.ReviewAssessmentDeliverables" time="53.555" errors="0" timestamp="2022-12-15T10:16:47 UTC" skipped="0">
  <testcase classname="tests.ReviewAssessmentDeliverables" name="taskReviewAssessmentDeliverablesATM" time="53.555"/>
  <system-out/>
</testsuite> <!-- tests.ReviewAssessmentDeliverables -->
