<?xml version="1.0" encoding="UTF-8"?>
<!-- Generated by org.testng.reporters.JUnitReportReporter -->
<testsuite hostname="bastion-windows" failures="0" tests="1" name="tests.SurveyRequestForm" time="75.101" errors="0" timestamp="2022-12-15T12:51:29 UTC" skipped="0">
  <testcase classname="tests.SurveyRequestForm" name="taskSurveyRequest" time="75.101"/>
  <system-out/>
</testsuite> <!-- tests.SurveyRequestForm -->
