<?xml version="1.0" encoding="UTF-8"?>
<!-- Generated by org.testng.reporters.JUnitReportReporter -->
<testsuite hostname="bastion-windows" failures="0" tests="1" name="tests.RDIFCreation" time="63.149" errors="0" timestamp="2022-12-08T11:35:55 UTC" skipped="0">
  <testcase classname="tests.RDIFCreation" name="createProjectRDIF" time="63.149"/>
  <system-out/>
</testsuite> <!-- tests.RDIFCreation -->
