<?xml version="1.0" encoding="UTF-8"?>
<!-- Generated by org.testng.reporters.JUnitReportReporter -->
<testsuite hostname="bastion-windows" failures="0" tests="1" name="tests.NcecUploadAssessmentDeliverables" time="73.475" errors="0" timestamp="2022-12-15T10:16:47 UTC" skipped="0">
  <testcase classname="tests.NcecUploadAssessmentDeliverables" name="taskNCECUloadAssessmentDeliverablesATR" time="73.475"/>
  <system-out/>
</testsuite> <!-- tests.NcecUploadAssessmentDeliverables -->
