<?xml version="1.0" encoding="UTF-8"?>
<!-- Generated by org.testng.reporters.JUnitReportReporter -->
<testsuite hostname="bastion-windows" failures="0" tests="1" name="tests.SurveyRequestForm" time="77.886" errors="0" timestamp="2022-12-16T06:47:01 UTC" skipped="0">
  <testcase classname="tests.SurveyRequestForm" name="taskSurveyRequest" time="77.886"/>
  <system-out/>
</testsuite> <!-- tests.SurveyRequestForm -->
