<?xml version="1.0" encoding="UTF-8"?>
<!-- Generated by org.testng.reporters.JUnitReportReporter -->
<testsuite hostname="bastion-windows" failures="0" tests="1" name="tests.RDIFCreationTest" time="56.687" errors="0" timestamp="2022-12-16T06:47:01 UTC" skipped="0">
  <testcase classname="tests.RDIFCreationTest" name="createProjectRDIF" time="56.687"/>
  <system-out/>
</testsuite> <!-- tests.RDIFCreationTest -->
