<?xml version="1.0" encoding="UTF-8"?>
<!-- Generated by org.testng.reporters.JUnitReportReporter -->
<testsuite hostname="bastion-windows" failures="0" tests="1" name="tests.CreateRDIF" time="303.424" errors="0" timestamp="2022-12-03T16:21:29 UTC" skipped="0">
  <testcase classname="tests.CreateRDIF" name="createProjectRDIF" time="303.424"/>
  <system-out/>
</testsuite> <!-- tests.CreateRDIF -->
