<?xml version="1.0" encoding="UTF-8"?>
<!-- Generated by org.testng.reporters.JUnitReportReporter -->
<testsuite hostname="bastion-windows" failures="0" tests="1" name="tests.SurveyRequestForm" time="31.896" errors="0" timestamp="2022-12-08T08:45:54 UTC" skipped="0">
  <testcase classname="tests.SurveyRequestForm" name="taskSurveyRequest" time="31.896"/>
  <system-out/>
</testsuite> <!-- tests.SurveyRequestForm -->
