<?xml version="1.0" encoding="UTF-8"?>
<!-- Generated by org.testng.reporters.JUnitReportReporter -->
<testsuite hostname="bastion-windows" failures="0" tests="1" name="tests.SignScreeningForm" time="204.410" errors="0" timestamp="2022-12-15T10:16:47 UTC" skipped="0">
  <testcase classname="tests.SignScreeningForm" name="taskSignScreeningFormATSM" time="204.410"/>
  <system-out/>
</testsuite> <!-- tests.SignScreeningForm -->
