<?xml version="1.0" encoding="UTF-8"?>
<!-- Generated by org.testng.reporters.JUnitReportReporter -->
<testsuite hostname="bastion-windows" failures="0" tests="1" name="tests.RDIFCreation" time="53.566" errors="0" timestamp="2022-12-15T10:16:47 UTC" skipped="0">
  <testcase classname="tests.RDIFCreation" name="createProjectRDIF" time="53.566"/>
  <system-out/>
</testsuite> <!-- tests.RDIFCreation -->
