<?xml version="1.0" encoding="UTF-8"?>
<!-- Generated by org.testng.reporters.JUnitReportReporter -->
<testsuite hostname="bastion-windows" failures="0" tests="1" name="tests.ReviewRDIF" time="34.421" errors="0" timestamp="2022-12-08T11:35:55 UTC" skipped="0">
  <testcase classname="tests.ReviewRDIF" name="taskReviewRDIF" time="34.421"/>
  <system-out/>
</testsuite> <!-- tests.ReviewRDIF -->
