<?xml version="1.0" encoding="UTF-8"?>
<!-- Generated by org.testng.reporters.JUnitReportReporter -->
<testsuite hostname="bastion-windows" failures="0" tests="1" name="tests.NcecSubmitScopingReport" time="72.897" errors="0" timestamp="2022-12-15T10:16:47 UTC" skipped="0">
  <testcase classname="tests.NcecSubmitScopingReport" name="taskNCECSubmitScopingReportATR" time="72.897"/>
  <system-out/>
</testsuite> <!-- tests.NcecSubmitScopingReport -->
