<?xml version="1.0" encoding="UTF-8"?>
<!-- Generated by org.testng.reporters.JUnitReportReporter -->
<testsuite hostname="bastion-windows" failures="0" tests="1" name="tests.RDIFCreation" time="51.363" errors="0" timestamp="2022-12-08T10:01:40 UTC" skipped="0">
  <testcase classname="tests.RDIFCreation" name="createProjectRDIF" time="51.363"/>
  <system-out/>
</testsuite> <!-- tests.RDIFCreation -->
