<?xml version="1.0" encoding="UTF-8"?>
<!-- Generated by org.testng.reporters.JUnitReportReporter -->
<testsuite hostname="bastion-windows" failures="0" tests="1" name="tests.ScreeningFormProcess" time="55.449" errors="0" timestamp="2022-12-10T18:59:01 UTC" skipped="0">
  <testcase classname="tests.ScreeningFormProcess" name="taskFillScreeningFormATR" time="55.449"/>
  <system-out/>
</testsuite> <!-- tests.ScreeningFormProcess -->
